<?xml version="1.0" encoding="UTF-8"?>
<!-- Generated by org.testng.reporters.JUnitXMLReporter -->
<testsuite ignored="0" hostname="MacBook-Pro.local" failures="1" tests="3" name="Fail Test" time="7.744" errors="0" timestamp="04 Oct 2022 06:11:15 GMT">
  <testcase classname="MockFailTest" name="SampleFailTestForReportOne" time="0.002">
    <skipped/>
  </testcase> <!-- SampleFailTestForReportOne -->
  <testcase classname="MockFailTest" name="SampleFailTestForReportOne" time="0.0">
    <failure type="java.lang.IllegalArgumentException" message="wrong number of arguments">
      <![CDATA[java.lang.IllegalArgumentException: wrong number of arguments
... Removed 29 stack frames]]>
    </failure>
  </testcase> <!-- SampleFailTestForReportOne -->
  <testcase classname="MockFailTest" name="SampleFailTestForReportTwo" time="0.0">
    <skipped/>
  </testcase> <!-- SampleFailTestForReportTwo -->
</testsuite> <!-- Fail Test -->
