<?xml version="1.0" encoding="UTF-8"?>
<testsuite xmlns:xsi="http://www.w3.org/2001/XMLSchema-instance" xsi:noNamespaceSchemaLocation="https://maven.apache.org/surefire/maven-surefire-plugin/xsd/surefire-test-report-3.0.xsd" version="3.0" name="TestSuite" time="64.024" tests="6" errors="0" skipped="2" failures="1">
  <properties>
[...]
</properties>
  <testcase name="SampleTestForChallenge[private void VerifyProductTest.SampleTestForChallenge(java.lang.reflect.Method) throws java.lang.InterruptedException](1)" classname="VerifyProductTest" time="42.699">
    <system-err><![CDATA[SLF4J: Failed to load class "org.slf4j.impl.StaticLoggerBinder".
SLF4J: Defaulting to no-operation (NOP) logger implementation
SLF4J: See http://www.slf4j.org/codes.html#StaticLoggerBinder for further details.
Starting ChromeDriver 106.0.5249.61 (511755355844955cd3e264779baf0dd38212a4d0-refs/branch-heads/5249@{#569}) on port 19157
Only local connections are allowed.
Please see https://chromedriver.chromium.org/security-considerations for suggestions on keeping ChromeDriver safe.
ChromeDriver was started successfully.
Oct 04, 2022 12:10:20 AM org.openqa.selenium.remote.ProtocolHandshake createSession
INFO: Detected dialect: W3C
]]></system-err>
  </testcase>
  <testcase name="SampleFailTestForReportOne[private void MockFailTest.SampleFailTestForReportOne(java.lang.reflect.Method)](1)" classname="MockFailTest" time="0">
    <skipped message="expected [true] but found [false]"/>
    <system-err><![CDATA[Starting ChromeDriver 106.0.5249.61 (511755355844955cd3e264779baf0dd38212a4d0-refs/branch-heads/5249@{#569}) on port 24865
Only local connections are allowed.
Please see https://chromedriver.chromium.org/security-considerations for suggestions on keeping ChromeDriver safe.
ChromeDriver was started successfully.
Oct 04, 2022 12:11:09 AM org.openqa.selenium.remote.ProtocolHandshake createSession
INFO: Detected dialect: W3C
]]></system-err>
  </testcase>
  <testcase name="SampleFailTestForReportOne" classname="MockFailTest" time="0.005">
    <failure message="wrong number of arguments" type="java.lang.IllegalArgumentException"><![CDATA[java.lang.IllegalArgumentException: wrong number of arguments
]]></failure>
  </testcase>
  <testcase name="SampleFailTestForReportTwo" classname="MockFailTest" time="0">
    <skipped message="Method MockFailTest.SampleFailTestForReportTwo(java.lang.reflect.Method)[pri:0, instance:MockFailTest@120d6fe6] depends on not successfully finished methods"/>
  </testcase>
  <testcase name="SamplePassTestForReportOne[private void MockPassTest.SamplePassTestForReportOne(java.lang.reflect.Method)](1)" classname="MockPassTest" time="0">
    <system-err><![CDATA[Starting ChromeDriver 106.0.5249.61 (511755355844955cd3e264779baf0dd38212a4d0-refs/branch-heads/5249@{#569}) on port 16793
Only local connections are allowed.
Please see https://chromedriver.chromium.org/security-considerations for suggestions on keeping ChromeDriver safe.
ChromeDriver was started successfully.
Oct 04, 2022 12:11:16 AM org.openqa.selenium.remote.ProtocolHandshake createSession
INFO: Detected dialect: W3C
]]></system-err>
  </testcase>
  <testcase name="SamplePassTestForReportTwo[private void MockPassTest.SamplePassTestForReportTwo(java.lang.reflect.Method)](1)" classname="MockPassTest" time="0"/>
</testsuite>